<?xml version="1.0" encoding="UTF-8"?>
<!-- Generated by org.testng.reporters.JUnitReportReporter -->
<testsuite skipped="0" hostname="User-PC" name="pack1.DownloadFile" tests="1" failures="0" timestamp="02 Jul 2017 17:30:45 GMT" time="21.703" errors="0">
  <testcase name="downloadFile" time="21.703" classname="pack1.DownloadFile"/>
</testsuite> <!-- pack1.DownloadFile -->
