<?xml version="1.0" encoding="UTF-8"?>
<!-- Generated by org.testng.reporters.JUnitReportReporter -->
<testsuite skipped="0" hostname="User-PC" name="pack1.SendSearchTermKeys" tests="1" failures="0" timestamp="02 Jul 2017 17:30:45 GMT" time="8.159" errors="0">
  <testcase name="sendSearchTerm" time="8.159" classname="pack1.SendSearchTermKeys"/>
</testsuite> <!-- pack1.SendSearchTermKeys -->
