<?xml version="1.0" encoding="UTF-8"?>
<!-- Generated by org.testng.reporters.JUnitReportReporter -->
<testsuite skipped="0" hostname="User-PC" name="pack1.TextBoxFillingAndButtonCick" tests="1" failures="0" timestamp="02 Jul 2017 17:30:45 GMT" time="24.321" errors="0">
  <testcase name="TextBoxFilling" time="24.321" classname="pack1.TextBoxFillingAndButtonCick"/>
</testsuite> <!-- pack1.TextBoxFillingAndButtonCick -->
