<?xml version="1.0" encoding="UTF-8"?>
<!-- Generated by org.testng.reporters.JUnitReportReporter -->
<testsuite skipped="0" hostname="User-PC" name="pack1.CheckboxRadioButtonSelect" tests="3" failures="0" timestamp="08 Jul 2017 15:13:48 GMT" time="40.186" errors="0">
  <testcase name="CheckBoxSelect" time="10.114" classname="pack1.CheckboxRadioButtonSelect"/>
  <testcase name="MultipleCheckBoxSelect" time="17.144" classname="pack1.CheckboxRadioButtonSelect"/>
  <testcase name="SelectRadioButton" time="12.928" classname="pack1.CheckboxRadioButtonSelect"/>
</testsuite> <!-- pack1.CheckboxRadioButtonSelect -->
