<?xml version="1.0" encoding="UTF-8"?>
<!-- Generated by org.testng.reporters.JUnitReportReporter -->
<testsuite skipped="0" hostname="User-PC" name="pack1.DownloadFile" tests="1" failures="0" timestamp="08 Jul 2017 15:13:48 GMT" time="17.910" errors="0">
  <testcase name="downloadFile" time="17.910" classname="pack1.DownloadFile"/>
</testsuite> <!-- pack1.DownloadFile -->
