<?xml version="1.0" encoding="UTF-8"?>
<!-- Generated by org.testng.reporters.JUnitReportReporter -->
<testsuite skipped="0" hostname="User-PC" name="pack1.SendSearchTermKeys" tests="1" failures="0" timestamp="08 Jul 2017 15:13:48 GMT" time="6.515" errors="0">
  <testcase name="sendSearchTerm" time="6.515" classname="pack1.SendSearchTermKeys"/>
</testsuite> <!-- pack1.SendSearchTermKeys -->
