<?xml version="1.0" encoding="UTF-8"?>
<!-- Generated by org.testng.reporters.JUnitReportReporter -->
<testsuite skipped="0" hostname="User-PC" name="pack1.LaunchBrowser" tests="1" failures="0" timestamp="08 Jul 2017 15:13:48 GMT" time="8.689" errors="0">
  <testcase name="LaunchChrome" time="8.689" classname="pack1.LaunchBrowser"/>
</testsuite> <!-- pack1.LaunchBrowser -->
