<?xml version="1.0" encoding="UTF-8"?>
<!-- Generated by org.testng.reporters.JUnitReportReporter -->
<testsuite skipped="0" hostname="User-PC" name="pack1.DropDownSelect" tests="1" failures="0" timestamp="08 Jul 2017 15:13:48 GMT" time="21.950" errors="0">
  <testcase name="DropDown" time="21.950" classname="pack1.DropDownSelect"/>
</testsuite> <!-- pack1.DropDownSelect -->
