<?xml version="1.0" encoding="UTF-8"?>
<!-- Generated by org.testng.reporters.JUnitReportReporter -->
<testsuite skipped="0" hostname="User-PC" name="pack1.AlertHandling" tests="1" failures="0" timestamp="08 Jul 2017 15:13:48 GMT" time="15.854" errors="0">
  <testcase name="Alerts" time="15.854" classname="pack1.AlertHandling"/>
</testsuite> <!-- pack1.AlertHandling -->
