<?xml version="1.0" encoding="UTF-8"?>
<!-- Generated by org.testng.reporters.JUnitReportReporter -->
<testsuite skipped="0" hostname="User-PC" name="pack1.TextBoxFillingAndButtonCick" tests="1" failures="0" timestamp="08 Jul 2017 15:13:48 GMT" time="28.873" errors="0">
  <testcase name="TextBoxFilling" time="28.873" classname="pack1.TextBoxFillingAndButtonCick"/>
</testsuite> <!-- pack1.TextBoxFillingAndButtonCick -->
